<?xml version="1.0" encoding="UTF-8"?>
<!-- Generated by org.testng.reporters.JUnitReportReporter -->
<testsuite skipped="0" hostname="Rishis-MacBook-Pro.local" name="smoketests.LoginTests" tests="2" failures="0" timestamp="2021-09-02T18:00:51 IST" time="16.542" errors="0">
  <testcase name="incorrectPasswordTest2" time="5.218" classname="smoketests.LoginTests"/>
  <system-out/>
  <testcase name="incorrectPasswordTest1" time="11.324" classname="smoketests.LoginTests"/>
  <system-out/>
</testsuite> <!-- smoketests.LoginTests -->
