<?xml version="1.0" encoding="UTF-8"?>
<!-- Generated by org.testng.reporters.JUnitReportReporter -->
<testsuite skipped="0" hostname="Rishis-MacBook-Pro.local" name="smoketests.DevToolsTests" tests="1" failures="0" timestamp="2021-09-16T16:16:20 IST" time="10.969" errors="0">
  <testcase name="capturePerformance" time="10.969" classname="smoketests.DevToolsTests"/>
  <system-out/>
</testsuite> <!-- smoketests.DevToolsTests -->
