<?xml version="1.0" encoding="UTF-8"?>
<!-- Generated by org.testng.reporters.JUnitReportReporter -->
<testsuite skipped="0" hostname="Rishis-MacBook-Pro.local" name="smoketests.LoginTests" tests="1" failures="0" timestamp="2021-09-16T14:31:53 IST" time="13.749" errors="0">
  <testcase name="incorrectPasswordTest2" time="13.749" classname="smoketests.LoginTests"/>
  <system-out/>
</testsuite> <!-- smoketests.LoginTests -->
