<?xml version="1.0" encoding="UTF-8"?>
<!-- Generated by org.testng.reporters.JUnitReportReporter -->
<testsuite skipped="0" hostname="Rishis-MacBook-Pro.local" name="smoketests.PurchaseTests" tests="2" failures="0" timestamp="2021-08-16T12:37:01 IST" time="328.674" errors="2">
  <testcase name="makePurchase" time="164.062" classname="smoketests.PurchaseTests">
    <error type="org.openqa.selenium.SessionNotCreatedException" message="Could not start a new session. Response code 500. Message: Could not start a new session. Could not start a new session. Could not start a new session. Error while creating session with the driver service. Stopping driver service: Could not start a new session. Response code 500. Message: Connection refused (os error 111)
Build info: version: &#039;4.0.0-rc-1&#039;, revision: &#039;74745cf081&#039;
System info: host: &#039;ec40e3f1d9f1&#039;, ip: &#039;172.21.0.7&#039;, os.name: &#039;Linux&#039;, os.arch: &#039;amd64&#039;, os.version: &#039;5.10.25-linuxkit&#039;, java.version: &#039;11.0.11&#039;
Driver info: driver.version: unknown
Build info: version: &#039;4.0.0-rc-1&#039;, revision: &#039;74745cf081&#039;
System info: host: &#039;ec40e3f1d9f1&#039;, ip: &#039;172.21.0.7&#039;, os.name: &#039;Linux&#039;, os.arch: &#039;amd64&#039;, os.version: &#039;5.10.25-linuxkit&#039;, java.version: &#039;11.0.11&#039;
Driver info: driver.version: unknown
Build info: version: &#039;4.0.0-rc-1&#039;, revision: &#039;74745cf081&#039;
System info: host: &#039;4a607c261036&#039;, ip: &#039;172.21.0.4&#039;, os.name: &#039;Linux&#039;, os.arch: &#039;amd64&#039;, os.version: &#039;5.10.25-linuxkit&#039;, java.version: &#039;11.0.11&#039;
Driver info: driver.version: unknown
Build info: version: &#039;4.0.0-beta-4&#039;, revision: &#039;29f46d02dd&#039;
System info: host: &#039;Rishis-MacBook-Pro.local&#039;, ip: &#039;2405:204:100d:1821:98f3:584f:2bf5:4479%en0&#039;, os.name: &#039;Mac OS X&#039;, os.arch: &#039;x86_64&#039;, os.version: &#039;10.14.6&#039;, java.version: &#039;1.8.0_221&#039;
Driver info: org.openqa.selenium.remote.RemoteWebDriver
Command: [null, newSession {capabilities=[Capabilities {browserName: firefox}], desiredCapabilities=Capabilities {browserName: firefox}}]
Capabilities {}">
      <![CDATA[org.openqa.selenium.SessionNotCreatedException: Could not start a new session. Response code 500. Message: Could not start a new session. Could not start a new session. Could not start a new session. Error while creating session with the driver service. Stopping driver service: Could not start a new session. Response code 500. Message: Connection refused (os error 111)
Build info: version: '4.0.0-rc-1', revision: '74745cf081'
System info: host: 'ec40e3f1d9f1', ip: '172.21.0.7', os.name: 'Linux', os.arch: 'amd64', os.version: '5.10.25-linuxkit', java.version: '11.0.11'
Driver info: driver.version: unknown
Build info: version: '4.0.0-rc-1', revision: '74745cf081'
System info: host: 'ec40e3f1d9f1', ip: '172.21.0.7', os.name: 'Linux', os.arch: 'amd64', os.version: '5.10.25-linuxkit', java.version: '11.0.11'
Driver info: driver.version: unknown
Build info: version: '4.0.0-rc-1', revision: '74745cf081'
System info: host: '4a607c261036', ip: '172.21.0.4', os.name: 'Linux', os.arch: 'amd64', os.version: '5.10.25-linuxkit', java.version: '11.0.11'
Driver info: driver.version: unknown
Build info: version: '4.0.0-beta-4', revision: '29f46d02dd'
System info: host: 'Rishis-MacBook-Pro.local', ip: '2405:204:100d:1821:98f3:584f:2bf5:4479%en0', os.name: 'Mac OS X', os.arch: 'x86_64', os.version: '10.14.6', java.version: '1.8.0_221'
Driver info: org.openqa.selenium.remote.RemoteWebDriver
Command: [null, newSession {capabilities=[Capabilities {browserName: firefox}], desiredCapabilities=Capabilities {browserName: firefox}}]
Capabilities {}
at org.openqa.selenium.remote.ProtocolHandshake.createSession(ProtocolHandshake.java:126)
at org.openqa.selenium.remote.ProtocolHandshake.createSession(ProtocolHandshake.java:84)
at org.openqa.selenium.remote.ProtocolHandshake.createSession(ProtocolHandshake.java:62)
at org.openqa.selenium.remote.HttpCommandExecutor.execute(HttpCommandExecutor.java:156)
at org.openqa.selenium.remote.TracedCommandExecutor.execute(TracedCommandExecutor.java:39)
at org.openqa.selenium.remote.RemoteWebDriver.execute(RemoteWebDriver.java:612)
at org.openqa.selenium.remote.RemoteWebDriver.startSession(RemoteWebDriver.java:244)
at org.openqa.selenium.remote.RemoteWebDriver.<init>(RemoteWebDriver.java:165)
at org.openqa.selenium.remote.RemoteWebDriver.<init>(RemoteWebDriver.java:143)
at driver.DriverManager.getStandaloneHubNodeServerDriver(DriverManager.java:88)
at driver.DriverManager.setDriver(DriverManager.java:124)
at driver.DriverManager.getDriver(DriverManager.java:98)
at smoketests.PurchaseTests.makePurchase(PurchaseTests.java:13)
at sun.reflect.NativeMethodAccessorImpl.invoke0(Native Method)
at sun.reflect.NativeMethodAccessorImpl.invoke(NativeMethodAccessorImpl.java:62)
at sun.reflect.DelegatingMethodAccessorImpl.invoke(DelegatingMethodAccessorImpl.java:43)
at java.lang.reflect.Method.invoke(Method.java:498)
at org.testng.internal.MethodInvocationHelper.invokeMethod(MethodInvocationHelper.java:135)
at org.testng.internal.TestInvoker.invokeMethod(TestInvoker.java:598)
at org.testng.internal.TestInvoker.invokeTestMethod(TestInvoker.java:174)
at org.testng.internal.TestMethodWithDataProviderMethodWorker.call(TestMethodWithDataProviderMethodWorker.java:77)
at org.testng.internal.TestMethodWithDataProviderMethodWorker.call(TestMethodWithDataProviderMethodWorker.java:15)
at java.util.concurrent.FutureTask.run(FutureTask.java:266)
at java.util.concurrent.Executors$RunnableAdapter.call(Executors.java:511)
at java.util.concurrent.FutureTask.run(FutureTask.java:266)
at java.util.concurrent.ThreadPoolExecutor.runWorker(ThreadPoolExecutor.java:1149)
at java.util.concurrent.ThreadPoolExecutor$Worker.run(ThreadPoolExecutor.java:624)
at java.lang.Thread.run(Thread.java:748)
]]>
    </error>
  </testcase> <!-- makePurchase -->
  <system-out/>
  <testcase name="makePurchase" time="164.612" classname="smoketests.PurchaseTests">
    <error type="org.openqa.selenium.SessionNotCreatedException" message="Could not start a new session. Response code 500. Message: Could not start a new session. Could not start a new session. Could not start a new session. Error while creating session with the driver service. Stopping driver service: Could not start a new session. Response code 500. Message: session not created
from chrome not reachable
  (Session info: chrome=91.0.4472.114)
Build info: version: &#039;4.0.0-rc-1&#039;, revision: &#039;74745cf081&#039;
System info: host: &#039;07d1739dd278&#039;, ip: &#039;172.21.0.6&#039;, os.name: &#039;Linux&#039;, os.arch: &#039;amd64&#039;, os.version: &#039;5.10.25-linuxkit&#039;, java.version: &#039;11.0.11&#039;
Driver info: driver.version: unknown
Build info: version: &#039;4.0.0-rc-1&#039;, revision: &#039;74745cf081&#039;
System info: host: &#039;07d1739dd278&#039;, ip: &#039;172.21.0.6&#039;, os.name: &#039;Linux&#039;, os.arch: &#039;amd64&#039;, os.version: &#039;5.10.25-linuxkit&#039;, java.version: &#039;11.0.11&#039;
Driver info: driver.version: unknown
Build info: version: &#039;4.0.0-rc-1&#039;, revision: &#039;74745cf081&#039;
System info: host: &#039;4a607c261036&#039;, ip: &#039;172.21.0.4&#039;, os.name: &#039;Linux&#039;, os.arch: &#039;amd64&#039;, os.version: &#039;5.10.25-linuxkit&#039;, java.version: &#039;11.0.11&#039;
Driver info: driver.version: unknown
Build info: version: &#039;4.0.0-beta-4&#039;, revision: &#039;29f46d02dd&#039;
System info: host: &#039;Rishis-MacBook-Pro.local&#039;, ip: &#039;2405:204:100d:1821:98f3:584f:2bf5:4479%en0&#039;, os.name: &#039;Mac OS X&#039;, os.arch: &#039;x86_64&#039;, os.version: &#039;10.14.6&#039;, java.version: &#039;1.8.0_221&#039;
Driver info: org.openqa.selenium.remote.RemoteWebDriver
Command: [null, newSession {capabilities=[Capabilities {browserName: chrome}], desiredCapabilities=Capabilities {browserName: chrome}}]
Capabilities {}">
      <![CDATA[org.openqa.selenium.SessionNotCreatedException: Could not start a new session. Response code 500. Message: Could not start a new session. Could not start a new session. Could not start a new session. Error while creating session with the driver service. Stopping driver service: Could not start a new session. Response code 500. Message: session not created
from chrome not reachable
  (Session info: chrome=91.0.4472.114)
Build info: version: '4.0.0-rc-1', revision: '74745cf081'
System info: host: '07d1739dd278', ip: '172.21.0.6', os.name: 'Linux', os.arch: 'amd64', os.version: '5.10.25-linuxkit', java.version: '11.0.11'
Driver info: driver.version: unknown
Build info: version: '4.0.0-rc-1', revision: '74745cf081'
System info: host: '07d1739dd278', ip: '172.21.0.6', os.name: 'Linux', os.arch: 'amd64', os.version: '5.10.25-linuxkit', java.version: '11.0.11'
Driver info: driver.version: unknown
Build info: version: '4.0.0-rc-1', revision: '74745cf081'
System info: host: '4a607c261036', ip: '172.21.0.4', os.name: 'Linux', os.arch: 'amd64', os.version: '5.10.25-linuxkit', java.version: '11.0.11'
Driver info: driver.version: unknown
Build info: version: '4.0.0-beta-4', revision: '29f46d02dd'
System info: host: 'Rishis-MacBook-Pro.local', ip: '2405:204:100d:1821:98f3:584f:2bf5:4479%en0', os.name: 'Mac OS X', os.arch: 'x86_64', os.version: '10.14.6', java.version: '1.8.0_221'
Driver info: org.openqa.selenium.remote.RemoteWebDriver
Command: [null, newSession {capabilities=[Capabilities {browserName: chrome}], desiredCapabilities=Capabilities {browserName: chrome}}]
Capabilities {}
at org.openqa.selenium.remote.ProtocolHandshake.createSession(ProtocolHandshake.java:126)
at org.openqa.selenium.remote.ProtocolHandshake.createSession(ProtocolHandshake.java:84)
at org.openqa.selenium.remote.ProtocolHandshake.createSession(ProtocolHandshake.java:62)
at org.openqa.selenium.remote.HttpCommandExecutor.execute(HttpCommandExecutor.java:156)
at org.openqa.selenium.remote.TracedCommandExecutor.execute(TracedCommandExecutor.java:39)
at org.openqa.selenium.remote.RemoteWebDriver.execute(RemoteWebDriver.java:612)
at org.openqa.selenium.remote.RemoteWebDriver.startSession(RemoteWebDriver.java:244)
at org.openqa.selenium.remote.RemoteWebDriver.<init>(RemoteWebDriver.java:165)
at org.openqa.selenium.remote.RemoteWebDriver.<init>(RemoteWebDriver.java:143)
at driver.DriverManager.getStandaloneHubNodeServerDriver(DriverManager.java:88)
at driver.DriverManager.setDriver(DriverManager.java:124)
at driver.DriverManager.getDriver(DriverManager.java:98)
at smoketests.PurchaseTests.makePurchase(PurchaseTests.java:13)
at sun.reflect.NativeMethodAccessorImpl.invoke0(Native Method)
at sun.reflect.NativeMethodAccessorImpl.invoke(NativeMethodAccessorImpl.java:62)
at sun.reflect.DelegatingMethodAccessorImpl.invoke(DelegatingMethodAccessorImpl.java:43)
at java.lang.reflect.Method.invoke(Method.java:498)
at org.testng.internal.MethodInvocationHelper.invokeMethod(MethodInvocationHelper.java:135)
at org.testng.internal.TestInvoker.invokeMethod(TestInvoker.java:598)
at org.testng.internal.TestInvoker.invokeTestMethod(TestInvoker.java:174)
at org.testng.internal.TestMethodWithDataProviderMethodWorker.call(TestMethodWithDataProviderMethodWorker.java:77)
at org.testng.internal.TestMethodWithDataProviderMethodWorker.call(TestMethodWithDataProviderMethodWorker.java:15)
at java.util.concurrent.FutureTask.run(FutureTask.java:266)
at java.util.concurrent.Executors$RunnableAdapter.call(Executors.java:511)
at java.util.concurrent.FutureTask.run(FutureTask.java:266)
at java.util.concurrent.ThreadPoolExecutor.runWorker(ThreadPoolExecutor.java:1149)
at java.util.concurrent.ThreadPoolExecutor$Worker.run(ThreadPoolExecutor.java:624)
at java.lang.Thread.run(Thread.java:748)
]]>
    </error>
  </testcase> <!-- makePurchase -->
  <system-out/>
</testsuite> <!-- smoketests.PurchaseTests -->
